This file contains any messages produced by compilers while
running configure, to aid debugging if configure makes a mistake.

It was created by FreeType configure 2.8.1, which was
generated by GNU Autoconf 2.69.  Invocation command line was

  $ ./configure --without-bzip2 --with-harfbuzz=no --enable-static=yes --enable-shared=no --with-zlib=no --with-png=no

## --------- ##
## Platform. ##
## --------- ##

hostname = pok
uname -m = x86_64
uname -r = 4.13.0-17-generic
uname -s = Linux
uname -v = #20-Ubuntu SMP Mon Nov 6 10:04:08 UTC 2017

/usr/bin/uname -p = unknown
/bin/uname -X     = unknown

/bin/arch              = unknown
/usr/bin/arch -k       = unknown
/usr/convex/getsysinfo = unknown
/usr/bin/hostinfo      = unknown
/bin/machine           = unknown
/usr/bin/oslevel       = unknown
/bin/universe          = unknown

PATH: /home/arturo/Code/emscripten-sdk/emscripten/incoming/system/bin
PATH: /home/arturo/.cargo/bin
PATH: /home/arturo/Code/emscripten-sdk
PATH: /home/arturo/Code/emscripten-sdk/clang/fastcomp/build_incoming_64/bin
PATH: /home/arturo/Code/emscripten-sdk/node/4.1.1_64bit/bin
PATH: /home/arturo/Code/emscripten-sdk/emscripten/incoming
PATH: /home/arturo/.cargo/bin
PATH: /home/arturo/bin
PATH: /home/arturo/.local/bin
PATH: /usr/local/sbin
PATH: /usr/local/bin
PATH: /usr/sbin
PATH: /usr/bin
PATH: /sbin
PATH: /bin
PATH: /usr/games
PATH: /usr/local/games
PATH: /snap/bin


## ----------- ##
## Core tests. ##
## ----------- ##

configure:2539: checking build system type
configure:2553: result: x86_64-pc-linux-gnu
configure:2573: checking host system type
configure:2586: result: x86_64-pc-linux-gnu
configure:2658: checking for gcc
configure:2685: result: /home/arturo/Code/emscripten-sdk/emscripten/incoming/emcc
configure:2914: checking for C compiler version
configure:2923: /home/arturo/Code/emscripten-sdk/emscripten/incoming/emcc --version >&5
emcc (Emscripten gcc/clang-like replacement) 1.37.23 (commit e17f1e1f2500900fa85d69303d26b4a8dcdbb32e)
Copyright (C) 2014 the Emscripten authors (see AUTHORS.txt)
This is free and open source software under the MIT license.
There is NO warranty; not even for MERCHANTABILITY or FITNESS FOR A PARTICULAR PURPOSE.
  
configure:2934: $? = 0
configure:2923: /home/arturo/Code/emscripten-sdk/emscripten/incoming/emcc -v >&5
emcc (Emscripten gcc/clang-like replacement + linker emulating GNU ld) 1.37.23
clang version 4.0.0 (https://github.com/kripken/emscripten-fastcomp-clang.git 740cb6857d14c1f66b5a4676e684274142b9dc24) (https://github.com/kripken/emscripten-fastcomp.git c81f0efdbdb4ba91f37539f53002adbc22d69a59) (emscripten 1.37.23 : 1.37.23)
Target: x86_64-unknown-linux-gnu
Thread model: posix
InstalledDir: /home/arturo/Code/emscripten-sdk/clang/fastcomp/build_incoming_64/bin
Found candidate GCC installation: /usr/lib/gcc/i686-linux-gnu/7
Found candidate GCC installation: /usr/lib/gcc/i686-linux-gnu/7.2.0
Found candidate GCC installation: /usr/lib/gcc/x86_64-linux-gnu/5
Found candidate GCC installation: /usr/lib/gcc/x86_64-linux-gnu/5.4.1
Found candidate GCC installation: /usr/lib/gcc/x86_64-linux-gnu/6
Found candidate GCC installation: /usr/lib/gcc/x86_64-linux-gnu/6.4.0
... rest of stderr output deleted ...
configure:2934: $? = 0
configure:2923: /home/arturo/Code/emscripten-sdk/emscripten/incoming/emcc -V >&5
ERROR:root:no input files
note that input files without a known suffix are ignored, make sure your input files end with one of: ('.c', '.C', '.i', '.cpp', '.cxx', '.cc', '.c++', '.CPP', '.CXX', '.CC', '.C++', '.ii', '.m', '.mi', '.mm', '.mii', '/dev/null', '.bc', '.o', '.obj', '.lo', '.dylib', '.so', '.a', '.ll', '.h', '.hxx', '.hpp', '.hh', '.H', '.HXX', '.HPP', '.HH')
configure:2934: $? = 1
configure:2923: /home/arturo/Code/emscripten-sdk/emscripten/incoming/emcc -qversion >&5
ERROR:root:no input files
note that input files without a known suffix are ignored, make sure your input files end with one of: ('.c', '.C', '.i', '.cpp', '.cxx', '.cc', '.c++', '.CPP', '.CXX', '.CC', '.C++', '.ii', '.m', '.mi', '.mm', '.mii', '/dev/null', '.bc', '.o', '.obj', '.lo', '.dylib', '.so', '.a', '.ll', '.h', '.hxx', '.hpp', '.hh', '.H', '.HXX', '.HPP', '.HH')
configure:2934: $? = 1
configure:2954: checking whether the C compiler works
configure:2976: /home/arturo/Code/emscripten-sdk/emscripten/incoming/emcc    conftest.c  >&5
configure:2980: $? = 0
configure:3028: result: yes
configure:3031: checking for C compiler default output file name
configure:3033: result: a.out
configure:3039: checking for suffix of executables
configure:3046: /home/arturo/Code/emscripten-sdk/emscripten/incoming/emcc -o conftest    conftest.c  >&5
configure:3050: $? = 0
configure:3072: result: 
configure:3094: checking whether we are cross compiling
configure:3102: /home/arturo/Code/emscripten-sdk/emscripten/incoming/emcc -o conftest    conftest.c  >&5
configure:3106: $? = 0
configure:3113: ./conftest
configure:3117: $? = 0
configure:3132: result: no
configure:3137: checking for suffix of object files
configure:3159: /home/arturo/Code/emscripten-sdk/emscripten/incoming/emcc -c   conftest.c >&5
configure:3163: $? = 0
configure:3184: result: o
configure:3188: checking whether we are using the GNU C compiler
configure:3207: /home/arturo/Code/emscripten-sdk/emscripten/incoming/emcc -c   conftest.c >&5
configure:3207: $? = 0
configure:3216: result: yes
configure:3225: checking whether /home/arturo/Code/emscripten-sdk/emscripten/incoming/emcc accepts -g
configure:3245: /home/arturo/Code/emscripten-sdk/emscripten/incoming/emcc -c -g  conftest.c >&5
configure:3245: $? = 0
configure:3286: result: yes
configure:3303: checking for /home/arturo/Code/emscripten-sdk/emscripten/incoming/emcc option to accept ISO C89
configure:3366: /home/arturo/Code/emscripten-sdk/emscripten/incoming/emcc  -c   conftest.c >&5
configure:3366: $? = 0
configure:3379: result: none needed
configure:3404: checking how to run the C preprocessor
configure:3435: /home/arturo/Code/emscripten-sdk/emscripten/incoming/emcc -E  conftest.c
configure:3435: $? = 0
configure:3449: /home/arturo/Code/emscripten-sdk/emscripten/incoming/emcc -E  conftest.c
conftest.c:9:10: fatal error: 'ac_nonexistent.h' file not found
#include <ac_nonexistent.h>
         ^~~~~~~~~~~~~~~~~~
1 error generated.
configure:3449: $? = 1
configure: failed program was:
| /* confdefs.h */
| #define PACKAGE_NAME "FreeType"
| #define PACKAGE_TARNAME "freetype"
| #define PACKAGE_VERSION "2.8.1"
| #define PACKAGE_STRING "FreeType 2.8.1"
| #define PACKAGE_BUGREPORT "freetype@nongnu.org"
| #define PACKAGE_URL ""
| /* end confdefs.h.  */
| #include <ac_nonexistent.h>
configure:3474: result: /home/arturo/Code/emscripten-sdk/emscripten/incoming/emcc -E
configure:3494: /home/arturo/Code/emscripten-sdk/emscripten/incoming/emcc -E  conftest.c
configure:3494: $? = 0
configure:3508: /home/arturo/Code/emscripten-sdk/emscripten/incoming/emcc -E  conftest.c
conftest.c:9:10: fatal error: 'ac_nonexistent.h' file not found
#include <ac_nonexistent.h>
         ^~~~~~~~~~~~~~~~~~
1 error generated.
configure:3508: $? = 1
configure: failed program was:
| /* confdefs.h */
| #define PACKAGE_NAME "FreeType"
| #define PACKAGE_TARNAME "freetype"
| #define PACKAGE_VERSION "2.8.1"
| #define PACKAGE_STRING "FreeType 2.8.1"
| #define PACKAGE_BUGREPORT "freetype@nongnu.org"
| #define PACKAGE_URL ""
| /* end confdefs.h.  */
| #include <ac_nonexistent.h>
configure:3592: checking for pkg-config
configure:3610: found /usr/bin/pkg-config
configure:3622: result: /usr/bin/pkg-config
configure:3647: checking pkg-config is at least version 0.24
configure:3650: result: yes
configure:3705: checking how to print strings
configure:3732: result: printf
configure:3753: checking for a sed that does not truncate output
configure:3817: result: /bin/sed
configure:3835: checking for grep that handles long lines and -e
configure:3893: result: /bin/grep
configure:3898: checking for egrep
configure:3960: result: /bin/grep -E
configure:3965: checking for fgrep
configure:4027: result: /bin/grep -F
configure:4062: checking for ld used by /home/arturo/Code/emscripten-sdk/emscripten/incoming/emcc
ERROR:root:no input files
note that input files without a known suffix are ignored, make sure your input files end with one of: ('.c', '.C', '.i', '.cpp', '.cxx', '.cc', '.c++', '.CPP', '.CXX', '.CC', '.C++', '.ii', '.m', '.mi', '.mm', '.mii', '/dev/null', '.bc', '.o', '.obj', '.lo', '.dylib', '.so', '.a', '.ll', '.h', '.hxx', '.hpp', '.hh', '.H', '.HXX', '.HPP', '.HH')
configure:4129: result: /home/arturo/Code/emscripten-sdk/emscripten/incoming/emcc
configure:4136: checking if the linker (/home/arturo/Code/emscripten-sdk/emscripten/incoming/emcc) is GNU ld
configure:4151: result: yes
configure:4163: checking for BSD- or MS-compatible name lister (nm)
configure:4217: result: /home/arturo/Code/emscripten-sdk/clang/fastcomp/build_incoming_64/bin/llvm-nm
configure:4347: checking the name lister (/home/arturo/Code/emscripten-sdk/clang/fastcomp/build_incoming_64/bin/llvm-nm) interface
configure:4354: /home/arturo/Code/emscripten-sdk/emscripten/incoming/emcc -c   conftest.c >&5
configure:4357: /home/arturo/Code/emscripten-sdk/clang/fastcomp/build_incoming_64/bin/llvm-nm "conftest.o"
configure:4360: output
-------- D some_variable
configure:4367: result: BSD nm
configure:4370: checking whether ln -s works
configure:4374: result: yes
configure:4382: checking the maximum length of command line arguments
configure:4513: result: 1572864
configure:4561: checking how to convert x86_64-pc-linux-gnu file names to x86_64-pc-linux-gnu format
configure:4601: result: func_convert_file_noop
configure:4608: checking how to convert x86_64-pc-linux-gnu file names to toolchain format
configure:4628: result: func_convert_file_noop
configure:4635: checking for /home/arturo/Code/emscripten-sdk/emscripten/incoming/emcc option to reload object files
configure:4642: result: -r
configure:4716: checking for objdump
configure:4732: found /usr/bin/objdump
configure:4743: result: objdump
configure:4772: checking how to recognize dependent libraries
configure:4972: result: pass_all
configure:5057: checking for dlltool
configure:5087: result: no
configure:5114: checking how to associate runtime and link libraries
configure:5141: result: printf %s\n
configure:5266: checking for archiver @FILE support
configure:5283: /home/arturo/Code/emscripten-sdk/emscripten/incoming/emcc -c   conftest.c >&5
configure:5283: $? = 0
configure:5286: /home/arturo/Code/emscripten-sdk/emscripten/incoming/emar cru libconftest.a @conftest.lst >&5
configure:5289: $? = 0
configure:5294: /home/arturo/Code/emscripten-sdk/emscripten/incoming/emar cru libconftest.a @conftest.lst >&5
/home/arturo/Code/emscripten-sdk/clang/fastcomp/build_incoming_64/bin/llvm-ar: conftest.o: No such file or directory.
configure:5297: $? = 0
configure:5309: result: no
configure:5367: checking for strip
configure:5383: found /usr/bin/strip
configure:5394: result: strip
configure:5466: checking for ranlib
configure:5493: result: /home/arturo/Code/emscripten-sdk/emscripten/incoming/emranlib
configure:5570: checking for gawk
configure:5586: found /usr/bin/gawk
configure:5597: result: gawk
configure:5637: checking command to parse /home/arturo/Code/emscripten-sdk/clang/fastcomp/build_incoming_64/bin/llvm-nm output from /home/arturo/Code/emscripten-sdk/emscripten/incoming/emcc object
configure:5790: /home/arturo/Code/emscripten-sdk/emscripten/incoming/emcc -c   conftest.c >&5
configure:5793: $? = 0
configure:5797: /home/arturo/Code/emscripten-sdk/clang/fastcomp/build_incoming_64/bin/llvm-nm conftest.o \| sed -n -e 's/^.*[ ]\([BCDEGRST][BCDEGRST]*\)[ ][ ]*\([_A-Za-z][_A-Za-z0-9]*\)$/\1 \2 \2/p' | sed '/ __gnu_lto/d' \> conftest.nm
configure:5800: $? = 0
configure:5866: /home/arturo/Code/emscripten-sdk/emscripten/incoming/emcc -o conftest    conftest.c conftstm.o >&5
configure:5869: $? = 0
configure:5907: result: ok
configure:5954: checking for sysroot
configure:5984: result: no
configure:5991: checking for a working dd
configure:6029: result: /bin/dd
configure:6033: checking how to truncate binary pipes
configure:6048: result: /bin/dd bs=4096 count=1
configure:6184: /home/arturo/Code/emscripten-sdk/emscripten/incoming/emcc -c   conftest.c >&5
configure:6187: $? = 0
configure:6377: checking for mt
configure:6393: found /bin/mt
configure:6404: result: mt
configure:6427: checking if mt is a manifest tool
configure:6433: mt '-?'
configure:6441: result: no
configure:7114: checking for ANSI C header files
configure:7134: /home/arturo/Code/emscripten-sdk/emscripten/incoming/emcc -c   conftest.c >&5
configure:7134: $? = 0
configure:7207: /home/arturo/Code/emscripten-sdk/emscripten/incoming/emcc -o conftest    conftest.c  >&5
configure:7207: $? = 0
configure:7207: ./conftest
configure:7207: $? = 0
configure:7218: result: yes
configure:7231: checking for sys/types.h
configure:7231: /home/arturo/Code/emscripten-sdk/emscripten/incoming/emcc -c   conftest.c >&5
configure:7231: $? = 0
configure:7231: result: yes
configure:7231: checking for sys/stat.h
configure:7231: /home/arturo/Code/emscripten-sdk/emscripten/incoming/emcc -c   conftest.c >&5
configure:7231: $? = 0
configure:7231: result: yes
configure:7231: checking for stdlib.h
configure:7231: /home/arturo/Code/emscripten-sdk/emscripten/incoming/emcc -c   conftest.c >&5
configure:7231: $? = 0
configure:7231: result: yes
configure:7231: checking for string.h
configure:7231: /home/arturo/Code/emscripten-sdk/emscripten/incoming/emcc -c   conftest.c >&5
configure:7231: $? = 0
configure:7231: result: yes
configure:7231: checking for memory.h
configure:7231: /home/arturo/Code/emscripten-sdk/emscripten/incoming/emcc -c   conftest.c >&5
configure:7231: $? = 0
configure:7231: result: yes
configure:7231: checking for strings.h
configure:7231: /home/arturo/Code/emscripten-sdk/emscripten/incoming/emcc -c   conftest.c >&5
configure:7231: $? = 0
configure:7231: result: yes
configure:7231: checking for inttypes.h
configure:7231: /home/arturo/Code/emscripten-sdk/emscripten/incoming/emcc -c   conftest.c >&5
configure:7231: $? = 0
configure:7231: result: yes
configure:7231: checking for stdint.h
configure:7231: /home/arturo/Code/emscripten-sdk/emscripten/incoming/emcc -c   conftest.c >&5
configure:7231: $? = 0
configure:7231: result: yes
configure:7231: checking for unistd.h
configure:7231: /home/arturo/Code/emscripten-sdk/emscripten/incoming/emcc -c   conftest.c >&5
configure:7231: $? = 0
configure:7231: result: yes
configure:7245: checking for dlfcn.h
configure:7245: /home/arturo/Code/emscripten-sdk/emscripten/incoming/emcc -c   conftest.c >&5
configure:7245: $? = 0
configure:7245: result: yes
configure:7799: checking for objdir
configure:7814: result: .libs
configure:8074: checking if /home/arturo/Code/emscripten-sdk/emscripten/incoming/emcc supports -fno-rtti -fno-exceptions
configure:8092: /home/arturo/Code/emscripten-sdk/emscripten/incoming/emcc -c   -fno-rtti -fno-exceptions conftest.c >&5
configure:8096: $? = 0
configure:8109: result: yes
configure:8467: checking for /home/arturo/Code/emscripten-sdk/emscripten/incoming/emcc option to produce PIC
configure:8474: result: -fPIC -DPIC
configure:8482: checking if /home/arturo/Code/emscripten-sdk/emscripten/incoming/emcc PIC flag -fPIC -DPIC works
configure:8500: /home/arturo/Code/emscripten-sdk/emscripten/incoming/emcc -c   -fPIC -DPIC -DPIC conftest.c >&5
configure:8504: $? = 0
configure:8517: result: yes
configure:8546: checking if /home/arturo/Code/emscripten-sdk/emscripten/incoming/emcc static flag -static works
configure:8574: result: yes
configure:8589: checking if /home/arturo/Code/emscripten-sdk/emscripten/incoming/emcc supports -c -o file.o
configure:8610: /home/arturo/Code/emscripten-sdk/emscripten/incoming/emcc -c   -o out/conftest2.o conftest.c >&5
configure:8614: $? = 0
configure:8636: result: yes
configure:8644: checking if /home/arturo/Code/emscripten-sdk/emscripten/incoming/emcc supports -c -o file.o
configure:8691: result: yes
configure:8724: checking whether the /home/arturo/Code/emscripten-sdk/emscripten/incoming/emcc linker (/home/arturo/Code/emscripten-sdk/emscripten/incoming/emcc) supports shared libraries
configure:9983: result: yes
configure:10223: checking dynamic linker characteristics
configure:10804: /home/arturo/Code/emscripten-sdk/emscripten/incoming/emcc -o conftest    -Wl,-rpath -Wl,/foo conftest.c  >&5
configure:10804: $? = 0
configure:11041: result: GNU/Linux ld.so
configure:11163: checking how to hardcode library paths into programs
configure:11188: result: immediate
configure:11736: checking whether stripping libraries is possible
configure:11741: result: yes
configure:11776: checking if libtool supports shared libraries
configure:11778: result: yes
configure:11781: checking whether to build shared libraries
configure:11806: result: no
configure:11809: checking whether to build static libraries
configure:11813: result: yes
configure:12029: checking for a BSD-compatible install
configure:12097: result: /usr/bin/install -c
configure:12116: checking for a thread-safe mkdir -p
configure:12155: result: /bin/mkdir -p
configure:12169: checking for ANSI C header files
configure:12273: result: yes
configure:12284: checking fcntl.h usability
configure:12284: /home/arturo/Code/emscripten-sdk/emscripten/incoming/emcc -c   conftest.c >&5
configure:12284: $? = 0
configure:12284: result: yes
configure:12284: checking fcntl.h presence
configure:12284: /home/arturo/Code/emscripten-sdk/emscripten/incoming/emcc -E  conftest.c
configure:12284: $? = 0
configure:12284: result: yes
configure:12284: checking for fcntl.h
configure:12284: result: yes
configure:12284: checking for unistd.h
configure:12284: result: yes
configure:12298: checking for an ANSI C-conforming const
configure:12364: /home/arturo/Code/emscripten-sdk/emscripten/incoming/emcc -c   conftest.c >&5
configure:12364: $? = 0
configure:12371: result: yes
configure:12383: checking size of int
configure:12388: /home/arturo/Code/emscripten-sdk/emscripten/incoming/emcc -o conftest    conftest.c  >&5
configure:12388: $? = 0
configure:12388: ./conftest
configure:12388: $? = 0
configure:12402: result: 4
configure:12416: checking size of long
configure:12421: /home/arturo/Code/emscripten-sdk/emscripten/incoming/emcc -o conftest    conftest.c  >&5
configure:12421: $? = 0
configure:12421: ./conftest
configure:12421: $? = 0
configure:12435: result: 8
configure:12446: checking for unsigned long long int
configure:12485: /home/arturo/Code/emscripten-sdk/emscripten/incoming/emcc -o conftest    conftest.c  >&5
configure:12485: $? = 0
configure:12494: result: yes
configure:12504: checking for long long int
configure:12542: /home/arturo/Code/emscripten-sdk/emscripten/incoming/emcc -o conftest    conftest.c  >&5
configure:12542: $? = 0
configure:12542: ./conftest
configure:12542: $? = 0
configure:12554: result: yes
configure:12566: checking whether cpp computation of bit length in ftconfig.in works
configure:12628: result: no
configure:12652: checking for special C compiler options needed for large files
configure:12697: result: no
configure:12703: checking for _FILE_OFFSET_BITS value needed for large files
configure:12728: /home/arturo/Code/emscripten-sdk/emscripten/incoming/emcc -c   conftest.c >&5
conftest.c:35:22: error: 'off_t_is_large' declared as an array with a negative size
  int off_t_is_large[(LARGE_OFF_T % 2147483629 == 721
                     ^~~~~~~~~~~~~~~~~~~~~~~~~~~~~~~~
1 error generated.
ERROR:root:compiler frontend failed to generate LLVM bitcode, halting
configure:12728: $? = 1
configure: failed program was:
| /* confdefs.h */
| #define PACKAGE_NAME "FreeType"
| #define PACKAGE_TARNAME "freetype"
| #define PACKAGE_VERSION "2.8.1"
| #define PACKAGE_STRING "FreeType 2.8.1"
| #define PACKAGE_BUGREPORT "freetype@nongnu.org"
| #define PACKAGE_URL ""
| #define STDC_HEADERS 1
| #define HAVE_SYS_TYPES_H 1
| #define HAVE_SYS_STAT_H 1
| #define HAVE_STDLIB_H 1
| #define HAVE_STRING_H 1
| #define HAVE_MEMORY_H 1
| #define HAVE_STRINGS_H 1
| #define HAVE_INTTYPES_H 1
| #define HAVE_STDINT_H 1
| #define HAVE_UNISTD_H 1
| #define HAVE_DLFCN_H 1
| #define LT_OBJDIR ".libs/"
| #define STDC_HEADERS 1
| #define HAVE_FCNTL_H 1
| #define HAVE_UNISTD_H 1
| #define SIZEOF_INT 4
| #define SIZEOF_LONG 8
| #define HAVE_UNSIGNED_LONG_LONG_INT 1
| #define HAVE_LONG_LONG_INT 1
| #define FT_USE_AUTOCONF_SIZEOF_TYPES /**/
| /* end confdefs.h.  */
| #include <sys/types.h>
|  /* Check that off_t can represent 2**63 - 1 correctly.
|     We can't simply define LARGE_OFF_T to be 9223372036854775807,
|     since some C++ compilers masquerading as C compilers
|     incorrectly reject 9223372036854775807.  */
| #define LARGE_OFF_T (((off_t) 1 << 62) - 1 + ((off_t) 1 << 62))
|   int off_t_is_large[(LARGE_OFF_T % 2147483629 == 721
| 		       && LARGE_OFF_T % 2147483647 == 1)
| 		      ? 1 : -1];
| int
| main ()
| {
| 
|   ;
|   return 0;
| }
configure:12752: /home/arturo/Code/emscripten-sdk/emscripten/incoming/emcc -c   conftest.c >&5
conftest.c:36:22: error: 'off_t_is_large' declared as an array with a negative size
  int off_t_is_large[(LARGE_OFF_T % 2147483629 == 721
                     ^~~~~~~~~~~~~~~~~~~~~~~~~~~~~~~~
1 error generated.
ERROR:root:compiler frontend failed to generate LLVM bitcode, halting
configure:12752: $? = 1
configure: failed program was:
| /* confdefs.h */
| #define PACKAGE_NAME "FreeType"
| #define PACKAGE_TARNAME "freetype"
| #define PACKAGE_VERSION "2.8.1"
| #define PACKAGE_STRING "FreeType 2.8.1"
| #define PACKAGE_BUGREPORT "freetype@nongnu.org"
| #define PACKAGE_URL ""
| #define STDC_HEADERS 1
| #define HAVE_SYS_TYPES_H 1
| #define HAVE_SYS_STAT_H 1
| #define HAVE_STDLIB_H 1
| #define HAVE_STRING_H 1
| #define HAVE_MEMORY_H 1
| #define HAVE_STRINGS_H 1
| #define HAVE_INTTYPES_H 1
| #define HAVE_STDINT_H 1
| #define HAVE_UNISTD_H 1
| #define HAVE_DLFCN_H 1
| #define LT_OBJDIR ".libs/"
| #define STDC_HEADERS 1
| #define HAVE_FCNTL_H 1
| #define HAVE_UNISTD_H 1
| #define SIZEOF_INT 4
| #define SIZEOF_LONG 8
| #define HAVE_UNSIGNED_LONG_LONG_INT 1
| #define HAVE_LONG_LONG_INT 1
| #define FT_USE_AUTOCONF_SIZEOF_TYPES /**/
| /* end confdefs.h.  */
| #define _FILE_OFFSET_BITS 64
| #include <sys/types.h>
|  /* Check that off_t can represent 2**63 - 1 correctly.
|     We can't simply define LARGE_OFF_T to be 9223372036854775807,
|     since some C++ compilers masquerading as C compilers
|     incorrectly reject 9223372036854775807.  */
| #define LARGE_OFF_T (((off_t) 1 << 62) - 1 + ((off_t) 1 << 62))
|   int off_t_is_large[(LARGE_OFF_T % 2147483629 == 721
| 		       && LARGE_OFF_T % 2147483647 == 1)
| 		      ? 1 : -1];
| int
| main ()
| {
| 
|   ;
|   return 0;
| }
configure:12760: result: unknown
configure:12772: checking for _LARGE_FILES value needed for large files
configure:12797: /home/arturo/Code/emscripten-sdk/emscripten/incoming/emcc -c   conftest.c >&5
conftest.c:35:22: error: 'off_t_is_large' declared as an array with a negative size
  int off_t_is_large[(LARGE_OFF_T % 2147483629 == 721
                     ^~~~~~~~~~~~~~~~~~~~~~~~~~~~~~~~
1 error generated.
ERROR:root:compiler frontend failed to generate LLVM bitcode, halting
configure:12797: $? = 1
configure: failed program was:
| /* confdefs.h */
| #define PACKAGE_NAME "FreeType"
| #define PACKAGE_TARNAME "freetype"
| #define PACKAGE_VERSION "2.8.1"
| #define PACKAGE_STRING "FreeType 2.8.1"
| #define PACKAGE_BUGREPORT "freetype@nongnu.org"
| #define PACKAGE_URL ""
| #define STDC_HEADERS 1
| #define HAVE_SYS_TYPES_H 1
| #define HAVE_SYS_STAT_H 1
| #define HAVE_STDLIB_H 1
| #define HAVE_STRING_H 1
| #define HAVE_MEMORY_H 1
| #define HAVE_STRINGS_H 1
| #define HAVE_INTTYPES_H 1
| #define HAVE_STDINT_H 1
| #define HAVE_UNISTD_H 1
| #define HAVE_DLFCN_H 1
| #define LT_OBJDIR ".libs/"
| #define STDC_HEADERS 1
| #define HAVE_FCNTL_H 1
| #define HAVE_UNISTD_H 1
| #define SIZEOF_INT 4
| #define SIZEOF_LONG 8
| #define HAVE_UNSIGNED_LONG_LONG_INT 1
| #define HAVE_LONG_LONG_INT 1
| #define FT_USE_AUTOCONF_SIZEOF_TYPES /**/
| /* end confdefs.h.  */
| #include <sys/types.h>
|  /* Check that off_t can represent 2**63 - 1 correctly.
|     We can't simply define LARGE_OFF_T to be 9223372036854775807,
|     since some C++ compilers masquerading as C compilers
|     incorrectly reject 9223372036854775807.  */
| #define LARGE_OFF_T (((off_t) 1 << 62) - 1 + ((off_t) 1 << 62))
|   int off_t_is_large[(LARGE_OFF_T % 2147483629 == 721
| 		       && LARGE_OFF_T % 2147483647 == 1)
| 		      ? 1 : -1];
| int
| main ()
| {
| 
|   ;
|   return 0;
| }
configure:12821: /home/arturo/Code/emscripten-sdk/emscripten/incoming/emcc -c   conftest.c >&5
conftest.c:36:22: error: 'off_t_is_large' declared as an array with a negative size
  int off_t_is_large[(LARGE_OFF_T % 2147483629 == 721
                     ^~~~~~~~~~~~~~~~~~~~~~~~~~~~~~~~
1 error generated.
ERROR:root:compiler frontend failed to generate LLVM bitcode, halting
configure:12821: $? = 1
configure: failed program was:
| /* confdefs.h */
| #define PACKAGE_NAME "FreeType"
| #define PACKAGE_TARNAME "freetype"
| #define PACKAGE_VERSION "2.8.1"
| #define PACKAGE_STRING "FreeType 2.8.1"
| #define PACKAGE_BUGREPORT "freetype@nongnu.org"
| #define PACKAGE_URL ""
| #define STDC_HEADERS 1
| #define HAVE_SYS_TYPES_H 1
| #define HAVE_SYS_STAT_H 1
| #define HAVE_STDLIB_H 1
| #define HAVE_STRING_H 1
| #define HAVE_MEMORY_H 1
| #define HAVE_STRINGS_H 1
| #define HAVE_INTTYPES_H 1
| #define HAVE_STDINT_H 1
| #define HAVE_UNISTD_H 1
| #define HAVE_DLFCN_H 1
| #define LT_OBJDIR ".libs/"
| #define STDC_HEADERS 1
| #define HAVE_FCNTL_H 1
| #define HAVE_UNISTD_H 1
| #define SIZEOF_INT 4
| #define SIZEOF_LONG 8
| #define HAVE_UNSIGNED_LONG_LONG_INT 1
| #define HAVE_LONG_LONG_INT 1
| #define FT_USE_AUTOCONF_SIZEOF_TYPES /**/
| /* end confdefs.h.  */
| #define _LARGE_FILES 1
| #include <sys/types.h>
|  /* Check that off_t can represent 2**63 - 1 correctly.
|     We can't simply define LARGE_OFF_T to be 9223372036854775807,
|     since some C++ compilers masquerading as C compilers
|     incorrectly reject 9223372036854775807.  */
| #define LARGE_OFF_T (((off_t) 1 << 62) - 1 + ((off_t) 1 << 62))
|   int off_t_is_large[(LARGE_OFF_T % 2147483629 == 721
| 		       && LARGE_OFF_T % 2147483647 == 1)
| 		      ? 1 : -1];
| int
| main ()
| {
| 
|   ;
|   return 0;
| }
configure:12829: result: unknown
configure:12862: checking for stdlib.h
configure:12862: result: yes
configure:12862: checking for unistd.h
configure:12862: result: yes
configure:12862: checking for sys/param.h
configure:12862: /home/arturo/Code/emscripten-sdk/emscripten/incoming/emcc -c   conftest.c >&5
configure:12862: $? = 0
configure:12862: result: yes
configure:12882: checking for getpagesize
configure:12882: /home/arturo/Code/emscripten-sdk/emscripten/incoming/emcc -o conftest    conftest.c  >&5
[0;33mwarning:[0m unexpected number of arguments 0 in call to 'getpagesize', should be 1
configure:12882: $? = 0
configure:12882: result: yes
configure:12891: checking for working mmap
configure:13038: /home/arturo/Code/emscripten-sdk/emscripten/incoming/emcc -o conftest    conftest.c  >&5
configure:13038: $? = 0
configure:13038: ./conftest
configure:13038: $? = 7
configure: program exited with status 7
configure: failed program was:
| /* confdefs.h */
| #define PACKAGE_NAME "FreeType"
| #define PACKAGE_TARNAME "freetype"
| #define PACKAGE_VERSION "2.8.1"
| #define PACKAGE_STRING "FreeType 2.8.1"
| #define PACKAGE_BUGREPORT "freetype@nongnu.org"
| #define PACKAGE_URL ""
| #define STDC_HEADERS 1
| #define HAVE_SYS_TYPES_H 1
| #define HAVE_SYS_STAT_H 1
| #define HAVE_STDLIB_H 1
| #define HAVE_STRING_H 1
| #define HAVE_MEMORY_H 1
| #define HAVE_STRINGS_H 1
| #define HAVE_INTTYPES_H 1
| #define HAVE_STDINT_H 1
| #define HAVE_UNISTD_H 1
| #define HAVE_DLFCN_H 1
| #define LT_OBJDIR ".libs/"
| #define STDC_HEADERS 1
| #define HAVE_FCNTL_H 1
| #define HAVE_UNISTD_H 1
| #define SIZEOF_INT 4
| #define SIZEOF_LONG 8
| #define HAVE_UNSIGNED_LONG_LONG_INT 1
| #define HAVE_LONG_LONG_INT 1
| #define FT_USE_AUTOCONF_SIZEOF_TYPES /**/
| #define HAVE_STDLIB_H 1
| #define HAVE_UNISTD_H 1
| #define HAVE_SYS_PARAM_H 1
| #define HAVE_GETPAGESIZE 1
| /* end confdefs.h.  */
| #include <stdio.h>
| #ifdef HAVE_SYS_TYPES_H
| # include <sys/types.h>
| #endif
| #ifdef HAVE_SYS_STAT_H
| # include <sys/stat.h>
| #endif
| #ifdef STDC_HEADERS
| # include <stdlib.h>
| # include <stddef.h>
| #else
| # ifdef HAVE_STDLIB_H
| #  include <stdlib.h>
| # endif
| #endif
| #ifdef HAVE_STRING_H
| # if !defined STDC_HEADERS && defined HAVE_MEMORY_H
| #  include <memory.h>
| # endif
| # include <string.h>
| #endif
| #ifdef HAVE_STRINGS_H
| # include <strings.h>
| #endif
| #ifdef HAVE_INTTYPES_H
| # include <inttypes.h>
| #endif
| #ifdef HAVE_STDINT_H
| # include <stdint.h>
| #endif
| #ifdef HAVE_UNISTD_H
| # include <unistd.h>
| #endif
| /* malloc might have been renamed as rpl_malloc. */
| #undef malloc
| 
| /* Thanks to Mike Haertel and Jim Avera for this test.
|    Here is a matrix of mmap possibilities:
| 	mmap private not fixed
| 	mmap private fixed at somewhere currently unmapped
| 	mmap private fixed at somewhere already mapped
| 	mmap shared not fixed
| 	mmap shared fixed at somewhere currently unmapped
| 	mmap shared fixed at somewhere already mapped
|    For private mappings, we should verify that changes cannot be read()
|    back from the file, nor mmap's back from the file at a different
|    address.  (There have been systems where private was not correctly
|    implemented like the infamous i386 svr4.0, and systems where the
|    VM page cache was not coherent with the file system buffer cache
|    like early versions of FreeBSD and possibly contemporary NetBSD.)
|    For shared mappings, we should conversely verify that changes get
|    propagated back to all the places they're supposed to be.
| 
|    Grep wants private fixed already mapped.
|    The main things grep needs to know about mmap are:
|    * does it exist and is it safe to write into the mmap'd area
|    * how to use it (BSD variants)  */
| 
| #include <fcntl.h>
| #include <sys/mman.h>
| 
| #if !defined STDC_HEADERS && !defined HAVE_STDLIB_H
| char *malloc ();
| #endif
| 
| /* This mess was copied from the GNU getpagesize.h.  */
| #ifndef HAVE_GETPAGESIZE
| # ifdef _SC_PAGESIZE
| #  define getpagesize() sysconf(_SC_PAGESIZE)
| # else /* no _SC_PAGESIZE */
| #  ifdef HAVE_SYS_PARAM_H
| #   include <sys/param.h>
| #   ifdef EXEC_PAGESIZE
| #    define getpagesize() EXEC_PAGESIZE
| #   else /* no EXEC_PAGESIZE */
| #    ifdef NBPG
| #     define getpagesize() NBPG * CLSIZE
| #     ifndef CLSIZE
| #      define CLSIZE 1
| #     endif /* no CLSIZE */
| #    else /* no NBPG */
| #     ifdef NBPC
| #      define getpagesize() NBPC
| #     else /* no NBPC */
| #      ifdef PAGESIZE
| #       define getpagesize() PAGESIZE
| #      endif /* PAGESIZE */
| #     endif /* no NBPC */
| #    endif /* no NBPG */
| #   endif /* no EXEC_PAGESIZE */
| #  else /* no HAVE_SYS_PARAM_H */
| #   define getpagesize() 8192	/* punt totally */
| #  endif /* no HAVE_SYS_PARAM_H */
| # endif /* no _SC_PAGESIZE */
| 
| #endif /* no HAVE_GETPAGESIZE */
| 
| int
| main ()
| {
|   char *data, *data2, *data3;
|   const char *cdata2;
|   int i, pagesize;
|   int fd, fd2;
| 
|   pagesize = getpagesize ();
| 
|   /* First, make a file with some known garbage in it. */
|   data = (char *) malloc (pagesize);
|   if (!data)
|     return 1;
|   for (i = 0; i < pagesize; ++i)
|     *(data + i) = rand ();
|   umask (0);
|   fd = creat ("conftest.mmap", 0600);
|   if (fd < 0)
|     return 2;
|   if (write (fd, data, pagesize) != pagesize)
|     return 3;
|   close (fd);
| 
|   /* Next, check that the tail of a page is zero-filled.  File must have
|      non-zero length, otherwise we risk SIGBUS for entire page.  */
|   fd2 = open ("conftest.txt", O_RDWR | O_CREAT | O_TRUNC, 0600);
|   if (fd2 < 0)
|     return 4;
|   cdata2 = "";
|   if (write (fd2, cdata2, 1) != 1)
|     return 5;
|   data2 = (char *) mmap (0, pagesize, PROT_READ | PROT_WRITE, MAP_SHARED, fd2, 0L);
|   if (data2 == MAP_FAILED)
|     return 6;
|   for (i = 0; i < pagesize; ++i)
|     if (*(data2 + i))
|       return 7;
|   close (fd2);
|   if (munmap (data2, pagesize))
|     return 8;
| 
|   /* Next, try to mmap the file at a fixed address which already has
|      something else allocated at it.  If we can, also make sure that
|      we see the same garbage.  */
|   fd = open ("conftest.mmap", O_RDWR);
|   if (fd < 0)
|     return 9;
|   if (data2 != mmap (data2, pagesize, PROT_READ | PROT_WRITE,
| 		     MAP_PRIVATE | MAP_FIXED, fd, 0L))
|     return 10;
|   for (i = 0; i < pagesize; ++i)
|     if (*(data + i) != *(data2 + i))
|       return 11;
| 
|   /* Finally, make sure that changes to the mapped area do not
|      percolate back to the file as seen by read().  (This is a bug on
|      some variants of i386 svr4.0.)  */
|   for (i = 0; i < pagesize; ++i)
|     *(data2 + i) = *(data2 + i) + 1;
|   data3 = (char *) malloc (pagesize);
|   if (!data3)
|     return 12;
|   if (read (fd, data3, pagesize) != pagesize)
|     return 13;
|   for (i = 0; i < pagesize; ++i)
|     if (*(data + i) != *(data3 + i))
|       return 14;
|   close (fd);
|   return 0;
| }
configure:13048: result: no
configure:13116: checking for memcpy
configure:13116: /home/arturo/Code/emscripten-sdk/emscripten/incoming/emcc -o conftest    conftest.c  >&5
conftest.c:56:6: warning: incompatible redeclaration of library function 'memcpy' [-Wincompatible-library-redeclaration]
char memcpy ();
     ^
conftest.c:56:6: note: 'memcpy' is a builtin with type 'void *(void *, const void *, unsigned int)'
1 warning generated.
[0;33mwarning:[0m unexpected number of arguments 0 in call to 'memcpy', should be 1
configure:13116: $? = 0
configure:13116: result: yes
configure:13116: checking for memmove
configure:13116: /home/arturo/Code/emscripten-sdk/emscripten/incoming/emcc -o conftest    conftest.c  >&5
conftest.c:57:6: warning: incompatible redeclaration of library function 'memmove' [-Wincompatible-library-redeclaration]
char memmove ();
     ^
conftest.c:57:6: note: 'memmove' is a builtin with type 'void *(void *, const void *, unsigned int)'
1 warning generated.
[0;33mwarning:[0m unexpected number of arguments 0 in call to 'memmove', should be 1
configure:13116: $? = 0
configure:13116: result: yes
configure:13168: checking gcc compiler flag -pedantic to assure ANSI C works correctly
configure:13195: /home/arturo/Code/emscripten-sdk/emscripten/incoming/emcc -c   -pedantic  conftest.c >&5
configure:13195: $? = 0
configure:13196: result: ok, adding to XX_ANSIFLAGS
configure:13168: checking gcc compiler flag -ansi to assure ANSI C works correctly
configure:13195: /home/arturo/Code/emscripten-sdk/emscripten/incoming/emcc -c   -pedantic -ansi  conftest.c >&5
configure:13195: $? = 0
configure:13196: result: ok, adding to XX_ANSIFLAGS
configure:14628: creating ./config.status

## ---------------------- ##
## Running config.status. ##
## ---------------------- ##

This file was extended by FreeType config.status 2.8.1, which was
generated by GNU Autoconf 2.69.  Invocation command line was

  CONFIG_FILES    = 
  CONFIG_HEADERS  = 
  CONFIG_LINKS    = 
  CONFIG_COMMANDS = 
  $ ./config.status 

on pok

config.status:1086: creating unix-cc.mk
config.status:1086: creating unix-def.mk
config.status:1086: creating ftconfig.h
config.status:1281: executing libtool commands
configure:16659:

Library configuration:
  external zlib: no
  bzip2:         no
  libpng:        no
  harfbuzz:      no


## ---------------- ##
## Cache variables. ##
## ---------------- ##

ac_cv_build=x86_64-pc-linux-gnu
ac_cv_c_compiler_gnu=yes
ac_cv_c_const=yes
ac_cv_env_BZIP2_CFLAGS_set=
ac_cv_env_BZIP2_CFLAGS_value=
ac_cv_env_BZIP2_LIBS_set=
ac_cv_env_BZIP2_LIBS_value=
ac_cv_env_CC_set=set
ac_cv_env_CC_value=/home/arturo/Code/emscripten-sdk/emscripten/incoming/emcc
ac_cv_env_CFLAGS_set=set
ac_cv_env_CFLAGS_value=
ac_cv_env_CPPFLAGS_set=
ac_cv_env_CPPFLAGS_value=
ac_cv_env_CPP_set=
ac_cv_env_CPP_value=
ac_cv_env_HARFBUZZ_CFLAGS_set=
ac_cv_env_HARFBUZZ_CFLAGS_value=
ac_cv_env_HARFBUZZ_LIBS_set=
ac_cv_env_HARFBUZZ_LIBS_value=
ac_cv_env_LDFLAGS_set=
ac_cv_env_LDFLAGS_value=
ac_cv_env_LIBPNG_CFLAGS_set=
ac_cv_env_LIBPNG_CFLAGS_value=
ac_cv_env_LIBPNG_LIBS_set=
ac_cv_env_LIBPNG_LIBS_value=
ac_cv_env_LIBS_set=
ac_cv_env_LIBS_value=
ac_cv_env_LT_SYS_LIBRARY_PATH_set=
ac_cv_env_LT_SYS_LIBRARY_PATH_value=
ac_cv_env_PKG_CONFIG_LIBDIR_set=set
ac_cv_env_PKG_CONFIG_LIBDIR_value=/home/arturo/Code/emscripten-sdk/emscripten/incoming/system/local/lib/pkgconfig:/home/arturo/Code/emscripten-sdk/emscripten/incoming/system/lib/pkgconfig
ac_cv_env_PKG_CONFIG_PATH_set=set
ac_cv_env_PKG_CONFIG_PATH_value=
ac_cv_env_PKG_CONFIG_set=
ac_cv_env_PKG_CONFIG_value=
ac_cv_env_ZLIB_CFLAGS_set=
ac_cv_env_ZLIB_CFLAGS_value=
ac_cv_env_ZLIB_LIBS_set=
ac_cv_env_ZLIB_LIBS_value=
ac_cv_env_build_alias_set=
ac_cv_env_build_alias_value=
ac_cv_env_host_alias_set=
ac_cv_env_host_alias_value=
ac_cv_env_target_alias_set=
ac_cv_env_target_alias_value=
ac_cv_func_getpagesize=yes
ac_cv_func_memcpy=yes
ac_cv_func_memmove=yes
ac_cv_func_mmap_fixed_mapped=no
ac_cv_header_dlfcn_h=yes
ac_cv_header_fcntl_h=yes
ac_cv_header_inttypes_h=yes
ac_cv_header_memory_h=yes
ac_cv_header_stdc=yes
ac_cv_header_stdint_h=yes
ac_cv_header_stdlib_h=yes
ac_cv_header_string_h=yes
ac_cv_header_strings_h=yes
ac_cv_header_sys_param_h=yes
ac_cv_header_sys_stat_h=yes
ac_cv_header_sys_types_h=yes
ac_cv_header_unistd_h=yes
ac_cv_host=x86_64-pc-linux-gnu
ac_cv_objext=o
ac_cv_path_EGREP='/bin/grep -E'
ac_cv_path_FGREP='/bin/grep -F'
ac_cv_path_GREP=/bin/grep
ac_cv_path_SED=/bin/sed
ac_cv_path_ac_pt_PKG_CONFIG=/usr/bin/pkg-config
ac_cv_path_install='/usr/bin/install -c'
ac_cv_path_lt_DD=/bin/dd
ac_cv_path_mkdir=/bin/mkdir
ac_cv_prog_AWK=gawk
ac_cv_prog_CPP='/home/arturo/Code/emscripten-sdk/emscripten/incoming/emcc -E'
ac_cv_prog_ac_ct_CC=/home/arturo/Code/emscripten-sdk/emscripten/incoming/emcc
ac_cv_prog_ac_ct_MANIFEST_TOOL=mt
ac_cv_prog_ac_ct_OBJDUMP=objdump
ac_cv_prog_ac_ct_RANLIB=/home/arturo/Code/emscripten-sdk/emscripten/incoming/emranlib
ac_cv_prog_ac_ct_STRIP=strip
ac_cv_prog_cc_c89=
ac_cv_prog_cc_g=yes
ac_cv_sizeof_int=4
ac_cv_sizeof_long=8
ac_cv_sys_file_offset_bits=unknown
ac_cv_sys_large_files=unknown
ac_cv_sys_largefile_CC=no
ac_cv_type_long_long_int=yes
ac_cv_type_unsigned_long_long_int=yes
lt_cv_ar_at_file=no
lt_cv_deplibs_check_method=pass_all
lt_cv_file_magic_cmd='$MAGIC_CMD'
lt_cv_file_magic_test_file=
lt_cv_ld_reload_flag=-r
lt_cv_nm_interface='BSD nm'
lt_cv_objdir=.libs
lt_cv_path_LD=/home/arturo/Code/emscripten-sdk/emscripten/incoming/emcc
lt_cv_path_NM=/home/arturo/Code/emscripten-sdk/clang/fastcomp/build_incoming_64/bin/llvm-nm
lt_cv_path_mainfest_tool=no
lt_cv_prog_compiler_c_o=yes
lt_cv_prog_compiler_pic='-fPIC -DPIC'
lt_cv_prog_compiler_pic_works=yes
lt_cv_prog_compiler_rtti_exceptions=yes
lt_cv_prog_compiler_static_works=yes
lt_cv_prog_gnu_ld=yes
lt_cv_sharedlib_from_linklib_cmd='printf %s\n'
lt_cv_shlibpath_overrides_runpath=no
lt_cv_sys_global_symbol_pipe='sed -n -e '\''s/^.*[	 ]\([BCDEGRST][BCDEGRST]*\)[	 ][	 ]*\([_A-Za-z][_A-Za-z0-9]*\)$/\1 \2 \2/p'\'' | sed '\''/ __gnu_lto/d'\'''
lt_cv_sys_global_symbol_to_c_name_address='sed -n -e '\''s/^: \(.*\) .*$/  {"\1", (void *) 0},/p'\'' -e '\''s/^[BCDEGRST][BCDEGRST]* .* \(.*\)$/  {"\1", (void *) \&\1},/p'\'''
lt_cv_sys_global_symbol_to_c_name_address_lib_prefix='sed -n -e '\''s/^: \(.*\) .*$/  {"\1", (void *) 0},/p'\'' -e '\''s/^[BCDEGRST][BCDEGRST]* .* \(lib.*\)$/  {"\1", (void *) \&\1},/p'\'' -e '\''s/^[BCDEGRST][BCDEGRST]* .* \(.*\)$/  {"lib\1", (void *) \&\1},/p'\'''
lt_cv_sys_global_symbol_to_cdecl='sed -n -e '\''s/^T .* \(.*\)$/extern int \1();/p'\'' -e '\''s/^[BCDEGRST][BCDEGRST]* .* \(.*\)$/extern char \1;/p'\'''
lt_cv_sys_global_symbol_to_import=
lt_cv_sys_max_cmd_len=1572864
lt_cv_to_host_file_cmd=func_convert_file_noop
lt_cv_to_tool_file_cmd=func_convert_file_noop
lt_cv_truncate_bin='/bin/dd bs=4096 count=1'

## ----------------- ##
## Output variables. ##
## ----------------- ##

AR='/home/arturo/Code/emscripten-sdk/emscripten/incoming/emar'
AS='as'
AWK='gawk'
BZIP2_CFLAGS=''
BZIP2_LIBS=''
CC='/home/arturo/Code/emscripten-sdk/emscripten/incoming/emcc'
CC_BUILD='/home/arturo/Code/emscripten-sdk/emscripten/incoming/emcc'
CFLAGS=''
CPP='/home/arturo/Code/emscripten-sdk/emscripten/incoming/emcc -E'
CPPFLAGS=''
DEFS='-DHAVE_CONFIG_H'
DLLTOOL='false'
DSYMUTIL=''
DUMPBIN=''
ECHO_C=''
ECHO_N='-n'
ECHO_T=''
EGREP='/bin/grep -E'
EXEEXT=''
EXEEXT_BUILD=''
FGREP='/bin/grep -F'
FTSYS_SRC='$(BASE_DIR)/ftsystem.c'
GREP='/bin/grep'
HARFBUZZ_CFLAGS=''
HARFBUZZ_LIBS=''
INSTALL_DATA='${INSTALL} -m 644'
INSTALL_PROGRAM='${INSTALL}'
INSTALL_SCRIPT='${INSTALL}'
LD='/home/arturo/Code/emscripten-sdk/emscripten/incoming/emcc'
LDFLAGS=''
LIBOBJS=''
LIBPNG_CFLAGS=''
LIBPNG_LIBS=''
LIBS=''
LIBSSTATIC_CONFIG='-lfreetype'
LIBS_PRIVATE=''
LIBTOOL='$(SHELL) $(top_builddir)/libtool'
LIPO=''
LN_S='ln -s'
LTLIBOBJS=''
LT_SYS_LIBRARY_PATH=''
MANIFEST_TOOL=':'
MKDIR_P='/bin/mkdir -p'
NM='/home/arturo/Code/emscripten-sdk/clang/fastcomp/build_incoming_64/bin/llvm-nm'
NMEDIT=''
OBJDUMP='objdump'
OBJEXT='o'
OTOOL64=''
OTOOL=''
PACKAGE_BUGREPORT='freetype@nongnu.org'
PACKAGE_NAME='FreeType'
PACKAGE_STRING='FreeType 2.8.1'
PACKAGE_TARNAME='freetype'
PACKAGE_URL=''
PACKAGE_VERSION='2.8.1'
PATH_SEPARATOR=':'
PKG_CONFIG='/usr/bin/pkg-config'
PKG_CONFIG_LIBDIR='/home/arturo/Code/emscripten-sdk/emscripten/incoming/system/local/lib/pkgconfig:/home/arturo/Code/emscripten-sdk/emscripten/incoming/system/lib/pkgconfig'
PKG_CONFIG_PATH=''
RANLIB='/home/arturo/Code/emscripten-sdk/emscripten/incoming/emranlib'
REQUIRES_PRIVATE=''
SED='/bin/sed'
SHELL='/bin/bash'
STRIP='strip'
XX_ANSIFLAGS=' -pedantic -ansi'
XX_CFLAGS='-Wall'
ZLIB_CFLAGS=''
ZLIB_LIBS=''
ac_ct_AR=''
ac_ct_CC='/home/arturo/Code/emscripten-sdk/emscripten/incoming/emcc'
ac_ct_DUMPBIN=''
bindir='${exec_prefix}/bin'
build='x86_64-pc-linux-gnu'
build_alias=''
build_cpu='x86_64'
build_libtool_libs=''
build_os='linux-gnu'
build_vendor='pc'
datadir='${datarootdir}'
datarootdir='${prefix}/share'
docdir='${datarootdir}/doc/${PACKAGE_TARNAME}'
dvidir='${docdir}'
exec_prefix='${prefix}'
ft_version='21.0.15'
ftmac_c=''
hardcode_libdir_flag_spec='$wl-rpath $wl$libdir'
host='x86_64-pc-linux-gnu'
host_alias=''
host_cpu='x86_64'
host_os='linux-gnu'
host_vendor='pc'
htmldir='${docdir}'
includedir='${prefix}/include'
infodir='${datarootdir}/info'
libdir='${exec_prefix}/lib'
libexecdir='${exec_prefix}/libexec'
localedir='${datarootdir}/locale'
localstatedir='${prefix}/var'
mandir='${datarootdir}/man'
oldincludedir='/usr/include'
pdfdir='${docdir}'
prefix='/usr/local'
program_transform_name='s,x,x,'
psdir='${docdir}'
sbindir='${exec_prefix}/sbin'
sharedstatedir='${prefix}/com'
sysconfdir='${prefix}/etc'
target_alias=''
version_info='21:0:15'
wl='-Wl,'

## ----------- ##
## confdefs.h. ##
## ----------- ##

/* confdefs.h */
#define PACKAGE_NAME "FreeType"
#define PACKAGE_TARNAME "freetype"
#define PACKAGE_VERSION "2.8.1"
#define PACKAGE_STRING "FreeType 2.8.1"
#define PACKAGE_BUGREPORT "freetype@nongnu.org"
#define PACKAGE_URL ""
#define STDC_HEADERS 1
#define HAVE_SYS_TYPES_H 1
#define HAVE_SYS_STAT_H 1
#define HAVE_STDLIB_H 1
#define HAVE_STRING_H 1
#define HAVE_MEMORY_H 1
#define HAVE_STRINGS_H 1
#define HAVE_INTTYPES_H 1
#define HAVE_STDINT_H 1
#define HAVE_UNISTD_H 1
#define HAVE_DLFCN_H 1
#define LT_OBJDIR ".libs/"
#define STDC_HEADERS 1
#define HAVE_FCNTL_H 1
#define HAVE_UNISTD_H 1
#define SIZEOF_INT 4
#define SIZEOF_LONG 8
#define HAVE_UNSIGNED_LONG_LONG_INT 1
#define HAVE_LONG_LONG_INT 1
#define FT_USE_AUTOCONF_SIZEOF_TYPES /**/
#define HAVE_STDLIB_H 1
#define HAVE_UNISTD_H 1
#define HAVE_SYS_PARAM_H 1
#define HAVE_GETPAGESIZE 1
#define HAVE_MEMCPY 1
#define HAVE_MEMMOVE 1

configure: exit 0
